{"/Users/hurricanecharlie/Documents/Coding/Projects/hurricane-charlie-website/src/setupTests.js": {"path":"/Users/hurricanecharlie/Documents/Coding/Projects/hurricane-charlie-website/src/setupTests.js","statementMap":{"0":{"start":{"line":4,"column":0},"end":{"line":4,"column":38}}},"fnMap":{},"branchMap":{},"s":{"0":4},"f":{},"b":{},"_coverageSchema":"332fd63041d2c1bcb487cc26dd0d5f7d97098a6c","hash":"f809d8d20d8fec1d87d5146f484da084cafefcc2"}
,"/Users/hurricanecharlie/Documents/Coding/Projects/hurricane-charlie-website/src/components/Footer.js": {"path":"/Users/hurricanecharlie/Documents/Coding/Projects/hurricane-charlie-website/src/components/Footer.js","statementMap":{"0":{"start":{"line":5,"column":4},"end":{"line":19,"column":5}}},"fnMap":{"0":{"name":"(anonymous_0)","decl":{"start":{"line":4,"column":2},"end":{"line":4,"column":3}},"loc":{"start":{"line":4,"column":11},"end":{"line":20,"column":3}},"line":4}},"branchMap":{},"s":{"0":1},"f":{"0":1},"b":{},"_coverageSchema":"332fd63041d2c1bcb487cc26dd0d5f7d97098a6c","hash":"b01db4ef864070e3f86ec8e4d5908296c4b98c0c"}
,"/Users/hurricanecharlie/Documents/Coding/Projects/hurricane-charlie-website/src/components/Gallery.js": {"path":"/Users/hurricanecharlie/Documents/Coding/Projects/hurricane-charlie-website/src/components/Gallery.js","statementMap":{"0":{"start":{"line":5,"column":4},"end":{"line":19,"column":5}}},"fnMap":{"0":{"name":"(anonymous_0)","decl":{"start":{"line":4,"column":2},"end":{"line":4,"column":3}},"loc":{"start":{"line":4,"column":11},"end":{"line":20,"column":3}},"line":4}},"branchMap":{},"s":{"0":1},"f":{"0":1},"b":{},"_coverageSchema":"332fd63041d2c1bcb487cc26dd0d5f7d97098a6c","hash":"4204fc43a87636c9420d4d28551b6dafeb2b069e"}
,"/Users/hurricanecharlie/Documents/Coding/Projects/hurricane-charlie-website/src/components/Header.js": {"path":"/Users/hurricanecharlie/Documents/Coding/Projects/hurricane-charlie-website/src/components/Header.js","statementMap":{"0":{"start":{"line":5,"column":4},"end":{"line":5,"column":17}},"1":{"start":{"line":6,"column":4},"end":{"line":6,"column":41}},"2":{"start":{"line":7,"column":4},"end":{"line":7,"column":57}},"3":{"start":{"line":11,"column":4},"end":{"line":11,"column":62}},"4":{"start":{"line":15,"column":28},"end":{"line":15,"column":38}},"5":{"start":{"line":16,"column":25},"end":{"line":16,"column":99}},"6":{"start":{"line":17,"column":19},"end":{"line":17,"column":75}},"7":{"start":{"line":19,"column":4},"end":{"line":35,"column":5}}},"fnMap":{"0":{"name":"(anonymous_0)","decl":{"start":{"line":4,"column":2},"end":{"line":4,"column":3}},"loc":{"start":{"line":4,"column":21},"end":{"line":8,"column":3}},"line":4},"1":{"name":"(anonymous_1)","decl":{"start":{"line":10,"column":2},"end":{"line":10,"column":3}},"loc":{"start":{"line":10,"column":19},"end":{"line":12,"column":3}},"line":10},"2":{"name":"(anonymous_2)","decl":{"start":{"line":14,"column":2},"end":{"line":14,"column":3}},"loc":{"start":{"line":14,"column":11},"end":{"line":36,"column":3}},"line":14}},"branchMap":{"0":{"loc":{"start":{"line":16,"column":65},"end":{"line":16,"column":97}},"type":"cond-expr","locations":[{"start":{"line":16,"column":81},"end":{"line":16,"column":92}},{"start":{"line":16,"column":95},"end":{"line":16,"column":97}}],"line":16},"1":{"loc":{"start":{"line":17,"column":19},"end":{"line":17,"column":75}},"type":"cond-expr","locations":[{"start":{"line":17,"column":62},"end":{"line":17,"column":70}},{"start":{"line":17,"column":73},"end":{"line":17,"column":75}}],"line":17},"2":{"loc":{"start":{"line":17,"column":19},"end":{"line":17,"column":59}},"type":"binary-expr","locations":[{"start":{"line":17,"column":19},"end":{"line":17,"column":41}},{"start":{"line":17,"column":45},"end":{"line":17,"column":59}}],"line":17}},"s":{"0":1,"1":1,"2":1,"3":0,"4":1,"5":1,"6":1,"7":1},"f":{"0":1,"1":0,"2":1},"b":{"0":[0,1],"1":[0,1],"2":[1,0]},"_coverageSchema":"332fd63041d2c1bcb487cc26dd0d5f7d97098a6c","hash":"6b9ab4e46d3d1e5283d991d583532ac82255cb07"}
,"/Users/hurricanecharlie/Documents/Coding/Projects/hurricane-charlie-website/src/components/HurricaneCharlieSite.js": {"path":"/Users/hurricanecharlie/Documents/Coding/Projects/hurricane-charlie-website/src/components/HurricaneCharlieSite.js","statementMap":{"0":{"start":{"line":8,"column":4},"end":{"line":8,"column":11}},"1":{"start":{"line":9,"column":4},"end":{"line":9,"column":43}},"2":{"start":{"line":10,"column":4},"end":{"line":10,"column":73}},"3":{"start":{"line":14,"column":4},"end":{"line":14,"column":34}},"4":{"start":{"line":15,"column":4},"end":{"line":15,"column":67}},"5":{"start":{"line":19,"column":4},"end":{"line":19,"column":70}},"6":{"start":{"line":23,"column":4},"end":{"line":23,"column":47}},"7":{"start":{"line":27,"column":4},"end":{"line":33,"column":5}}},"fnMap":{"0":{"name":"(anonymous_0)","decl":{"start":{"line":7,"column":2},"end":{"line":7,"column":3}},"loc":{"start":{"line":7,"column":16},"end":{"line":11,"column":3}},"line":7},"1":{"name":"(anonymous_1)","decl":{"start":{"line":13,"column":2},"end":{"line":13,"column":3}},"loc":{"start":{"line":13,"column":22},"end":{"line":16,"column":3}},"line":13},"2":{"name":"(anonymous_2)","decl":{"start":{"line":18,"column":2},"end":{"line":18,"column":3}},"loc":{"start":{"line":18,"column":25},"end":{"line":20,"column":3}},"line":18},"3":{"name":"(anonymous_3)","decl":{"start":{"line":22,"column":2},"end":{"line":22,"column":3}},"loc":{"start":{"line":22,"column":27},"end":{"line":24,"column":3}},"line":22},"4":{"name":"(anonymous_4)","decl":{"start":{"line":26,"column":2},"end":{"line":26,"column":3}},"loc":{"start":{"line":26,"column":11},"end":{"line":34,"column":3}},"line":26}},"branchMap":{},"s":{"0":1,"1":1,"2":1,"3":1,"4":1,"5":0,"6":2,"7":3},"f":{"0":1,"1":1,"2":0,"3":2,"4":3},"b":{},"_coverageSchema":"332fd63041d2c1bcb487cc26dd0d5f7d97098a6c","hash":"56689365d9d8d6b9af3fb56a766db2e91d53457e"}
}
