TN:
SF:/Users/hurricanecharlie/Documents/Coding/Projects/hurricane-charlie-website/src/setupTests.js
FNF:0
FNH:0
DA:4,4
LF:1
LH:1
BRF:0
BRH:0
end_of_record
TN:
SF:/Users/hurricanecharlie/Documents/Coding/Projects/hurricane-charlie-website/src/components/Footer.js
FN:4,(anonymous_0)
FNF:1
FNH:1
FNDA:1,(anonymous_0)
DA:5,1
LF:1
LH:1
BRF:0
BRH:0
end_of_record
TN:
SF:/Users/hurricanecharlie/Documents/Coding/Projects/hurricane-charlie-website/src/components/Gallery.js
FN:4,(anonymous_0)
FNF:1
FNH:1
FNDA:1,(anonymous_0)
DA:5,1
LF:1
LH:1
BRF:0
BRH:0
end_of_record
TN:
SF:/Users/hurricanecharlie/Documents/Coding/Projects/hurricane-charlie-website/src/components/Header.js
FN:4,(anonymous_0)
FN:10,(anonymous_1)
FN:14,(anonymous_2)
FNF:3
FNH:3
FNDA:2,(anonymous_0)
FNDA:3,(anonymous_1)
FNDA:5,(anonymous_2)
DA:5,2
DA:6,2
DA:7,2
DA:11,3
DA:15,5
DA:16,5
DA:17,5
DA:19,5
LF:8
LH:8
BRDA:16,0,0,2
BRDA:16,0,1,3
BRDA:17,1,0,1
BRDA:17,1,1,4
BRDA:17,2,0,5
BRDA:17,2,1,2
BRF:6
BRH:6
end_of_record
TN:
SF:/Users/hurricanecharlie/Documents/Coding/Projects/hurricane-charlie-website/src/components/HurricaneCharlieSite.js
FN:7,(anonymous_0)
FN:13,(anonymous_1)
FN:18,(anonymous_2)
FN:22,(anonymous_3)
FN:26,(anonymous_4)
FNF:5
FNH:4
FNDA:1,(anonymous_0)
FNDA:1,(anonymous_1)
FNDA:0,(anonymous_2)
FNDA:2,(anonymous_3)
FNDA:3,(anonymous_4)
DA:8,1
DA:9,1
DA:10,1
DA:14,1
DA:15,1
DA:19,0
DA:23,2
DA:27,3
LF:8
LH:7
BRF:0
BRH:0
end_of_record
